2020-01-06 00:27:00,945 INFO 4184 [egg-schedule]: register schedule F:\project\Shopping\server\node_modules\_egg-multipart@2.10.1@egg-multipart\app\schedule\clean_tmpdir.js
2020-01-06 00:27:00,945 INFO 4184 [egg-schedule]: register schedule F:\project\Shopping\server\node_modules\_egg-logrotator@3.1.0@egg-logrotator\app\schedule\clean_log.js
2020-01-06 00:27:00,945 INFO 4184 [egg-schedule]: register schedule F:\project\Shopping\server\node_modules\_egg-logrotator@3.1.0@egg-logrotator\app\schedule\rotate_by_file.js
2020-01-06 00:27:02,711 INFO 12404 [egg-schedule]: register schedule F:\project\Shopping\server\node_modules\_egg-multipart@2.10.1@egg-multipart\app\schedule\clean_tmpdir.js
2020-01-06 00:27:02,711 INFO 12404 [egg-schedule]: register schedule F:\project\Shopping\server\node_modules\_egg-logrotator@3.1.0@egg-logrotator\app\schedule\clean_log.js
2020-01-06 00:27:02,711 INFO 12404 [egg-schedule]: register schedule F:\project\Shopping\server\node_modules\_egg-logrotator@3.1.0@egg-logrotator\app\schedule\rotate_by_file.js
2020-01-06 08:15:47,610 INFO 3028 [egg-schedule]: register schedule E:\project\shop\server\node_modules\_egg-multipart@2.10.1@egg-multipart\app\schedule\clean_tmpdir.js
2020-01-06 08:15:47,610 INFO 3028 [egg-schedule]: register schedule E:\project\shop\server\node_modules\_egg-logrotator@3.1.0@egg-logrotator\app\schedule\clean_log.js
2020-01-06 08:15:47,610 INFO 3028 [egg-schedule]: register schedule E:\project\shop\server\node_modules\_egg-logrotator@3.1.0@egg-logrotator\app\schedule\rotate_by_file.js
2020-01-06 08:16:00,515 INFO 7376 [Timer] E:\project\shop\server\node_modules\_egg-multipart@2.10.1@egg-multipart\app\schedule\clean_tmpdir.js next time will execute after 72839489ms at 2020-01-07 04:30:00.004
2020-01-06 08:16:00,515 INFO 7376 [Timer] E:\project\shop\server\node_modules\_egg-logrotator@3.1.0@egg-logrotator\app\schedule\clean_log.js next time will execute after 56639485ms at 2020-01-07 00:00:00.000
2020-01-06 08:16:00,516 INFO 7376 [Timer] E:\project\shop\server\node_modules\_egg-logrotator@3.1.0@egg-logrotator\app\schedule\rotate_by_file.js next time will execute after 56640484ms at 2020-01-07 00:00:01.000
2020-01-06 20:39:09,284 INFO 12420 [egg-schedule]: register schedule F:\project\Shopping\server\node_modules\_egg-multipart@2.10.1@egg-multipart\app\schedule\clean_tmpdir.js
2020-01-06 20:39:09,284 INFO 12420 [egg-schedule]: register schedule F:\project\Shopping\server\node_modules\_egg-logrotator@3.1.0@egg-logrotator\app\schedule\clean_log.js
2020-01-06 20:39:09,284 INFO 12420 [egg-schedule]: register schedule F:\project\Shopping\server\node_modules\_egg-logrotator@3.1.0@egg-logrotator\app\schedule\rotate_by_file.js
2020-01-06 20:39:09,564 INFO 14412 [egg-schedule]: register schedule F:\project\Shopping\server\node_modules\_egg-multipart@2.10.1@egg-multipart\app\schedule\clean_tmpdir.js
2020-01-06 20:39:09,564 INFO 14412 [egg-schedule]: register schedule F:\project\Shopping\server\node_modules\_egg-logrotator@3.1.0@egg-logrotator\app\schedule\clean_log.js
2020-01-06 20:39:09,564 INFO 14412 [egg-schedule]: register schedule F:\project\Shopping\server\node_modules\_egg-logrotator@3.1.0@egg-logrotator\app\schedule\rotate_by_file.js
2020-01-06 20:39:35,237 INFO 1020 [Timer] F:\project\Shopping\server\node_modules\_egg-multipart@2.10.1@egg-multipart\app\schedule\clean_tmpdir.js next time will execute after 28224765ms at 2020-01-07 04:30:00.002
2020-01-06 20:39:35,237 INFO 1020 [Timer] F:\project\Shopping\server\node_modules\_egg-logrotator@3.1.0@egg-logrotator\app\schedule\clean_log.js next time will execute after 12024763ms at 2020-01-07 00:00:00.000
2020-01-06 20:39:35,237 INFO 1020 [Timer] F:\project\Shopping\server\node_modules\_egg-logrotator@3.1.0@egg-logrotator\app\schedule\rotate_by_file.js next time will execute after 12025763ms at 2020-01-07 00:00:01.000
2020-01-06 20:39:36,086 INFO 15048 [egg-schedule]: register schedule F:\project\Shopping\server\node_modules\_egg-multipart@2.10.1@egg-multipart\app\schedule\clean_tmpdir.js
2020-01-06 20:39:36,086 INFO 15048 [egg-schedule]: register schedule F:\project\Shopping\server\node_modules\_egg-logrotator@3.1.0@egg-logrotator\app\schedule\clean_log.js
2020-01-06 20:39:36,086 INFO 15048 [egg-schedule]: register schedule F:\project\Shopping\server\node_modules\_egg-logrotator@3.1.0@egg-logrotator\app\schedule\rotate_by_file.js
2020-01-06 20:39:37,433 INFO 15176 [egg-schedule]: register schedule F:\project\Shopping\server\node_modules\_egg-multipart@2.10.1@egg-multipart\app\schedule\clean_tmpdir.js
2020-01-06 20:39:37,433 INFO 15176 [egg-schedule]: register schedule F:\project\Shopping\server\node_modules\_egg-logrotator@3.1.0@egg-logrotator\app\schedule\clean_log.js
2020-01-06 20:39:37,433 INFO 15176 [egg-schedule]: register schedule F:\project\Shopping\server\node_modules\_egg-logrotator@3.1.0@egg-logrotator\app\schedule\rotate_by_file.js
2020-01-07 08:22:08,760 INFO 6932 [egg-schedule]: register schedule E:\project\shop\server\node_modules\_egg-multipart@2.10.1@egg-multipart\app\schedule\clean_tmpdir.js
2020-01-07 08:22:08,760 INFO 6932 [egg-schedule]: register schedule E:\project\shop\server\node_modules\_egg-logrotator@3.1.0@egg-logrotator\app\schedule\clean_log.js
2020-01-07 08:22:08,760 INFO 6932 [egg-schedule]: register schedule E:\project\shop\server\node_modules\_egg-logrotator@3.1.0@egg-logrotator\app\schedule\rotate_by_file.js
2020-01-07 08:22:16,362 INFO 6812 [Timer] E:\project\shop\server\node_modules\_egg-multipart@2.10.1@egg-multipart\app\schedule\clean_tmpdir.js next time will execute after 72463642ms at 2020-01-08 04:30:00.004
2020-01-07 08:22:16,362 INFO 6812 [Timer] E:\project\shop\server\node_modules\_egg-logrotator@3.1.0@egg-logrotator\app\schedule\clean_log.js next time will execute after 56263638ms at 2020-01-08 00:00:00.000
2020-01-07 08:22:16,363 INFO 6812 [Timer] E:\project\shop\server\node_modules\_egg-logrotator@3.1.0@egg-logrotator\app\schedule\rotate_by_file.js next time will execute after 56264637ms at 2020-01-08 00:00:01.000
2020-01-07 21:46:24,043 INFO 2248 [egg-schedule]: register schedule F:\project\Shopping\server\node_modules\_egg-multipart@2.10.1@egg-multipart\app\schedule\clean_tmpdir.js
2020-01-07 21:46:24,043 INFO 2248 [egg-schedule]: register schedule F:\project\Shopping\server\node_modules\_egg-logrotator@3.1.0@egg-logrotator\app\schedule\clean_log.js
2020-01-07 21:46:24,043 INFO 2248 [egg-schedule]: register schedule F:\project\Shopping\server\node_modules\_egg-logrotator@3.1.0@egg-logrotator\app\schedule\rotate_by_file.js
2020-01-07 21:46:24,634 INFO 14844 [Timer] F:\project\Shopping\server\node_modules\_egg-multipart@2.10.1@egg-multipart\app\schedule\clean_tmpdir.js next time will execute after 24215367ms at 2020-01-08 04:30:00.001
2020-01-07 21:46:24,635 INFO 14844 [Timer] F:\project\Shopping\server\node_modules\_egg-logrotator@3.1.0@egg-logrotator\app\schedule\clean_log.js next time will execute after 8015366ms at 2020-01-08 00:00:00.001
2020-01-07 21:46:24,635 INFO 14844 [Timer] F:\project\Shopping\server\node_modules\_egg-logrotator@3.1.0@egg-logrotator\app\schedule\rotate_by_file.js next time will execute after 8016365ms at 2020-01-08 00:00:01.000
2020-01-07 21:46:25,067 INFO 7372 [egg-schedule]: register schedule F:\project\Shopping\server\node_modules\_egg-multipart@2.10.1@egg-multipart\app\schedule\clean_tmpdir.js
2020-01-07 21:46:25,067 INFO 7372 [egg-schedule]: register schedule F:\project\Shopping\server\node_modules\_egg-logrotator@3.1.0@egg-logrotator\app\schedule\clean_log.js
2020-01-07 21:46:25,067 INFO 7372 [egg-schedule]: register schedule F:\project\Shopping\server\node_modules\_egg-logrotator@3.1.0@egg-logrotator\app\schedule\rotate_by_file.js
2020-01-07 21:46:26,345 INFO 9656 [egg-schedule]: register schedule F:\project\Shopping\server\node_modules\_egg-multipart@2.10.1@egg-multipart\app\schedule\clean_tmpdir.js
2020-01-07 21:46:26,345 INFO 9656 [egg-schedule]: register schedule F:\project\Shopping\server\node_modules\_egg-logrotator@3.1.0@egg-logrotator\app\schedule\clean_log.js
2020-01-07 21:46:26,345 INFO 9656 [egg-schedule]: register schedule F:\project\Shopping\server\node_modules\_egg-logrotator@3.1.0@egg-logrotator\app\schedule\rotate_by_file.js
2020-01-08 08:26:22,968 INFO 5040 [egg-schedule]: register schedule E:\project\shop\server\node_modules\_egg-multipart@2.10.1@egg-multipart\app\schedule\clean_tmpdir.js
2020-01-08 08:26:22,968 INFO 5040 [egg-schedule]: register schedule E:\project\shop\server\node_modules\_egg-logrotator@3.1.0@egg-logrotator\app\schedule\clean_log.js
2020-01-08 08:26:22,968 INFO 5040 [egg-schedule]: register schedule E:\project\shop\server\node_modules\_egg-logrotator@3.1.0@egg-logrotator\app\schedule\rotate_by_file.js
2020-01-08 08:26:26,685 INFO 1048 [Timer] E:\project\shop\server\node_modules\_egg-multipart@2.10.1@egg-multipart\app\schedule\clean_tmpdir.js next time will execute after 72213318ms at 2020-01-09 04:30:00.003
2020-01-08 08:26:26,686 INFO 1048 [Timer] E:\project\shop\server\node_modules\_egg-logrotator@3.1.0@egg-logrotator\app\schedule\clean_log.js next time will execute after 56013314ms at 2020-01-09 00:00:00.000
2020-01-08 08:26:26,687 INFO 1048 [Timer] E:\project\shop\server\node_modules\_egg-logrotator@3.1.0@egg-logrotator\app\schedule\rotate_by_file.js next time will execute after 56014314ms at 2020-01-09 00:00:01.001
2020-01-08 19:39:11,611 INFO 9780 [egg-schedule]: register schedule F:\project\Shopping\server\node_modules\_egg-multipart@2.10.1@egg-multipart\app\schedule\clean_tmpdir.js
2020-01-08 19:39:11,611 INFO 9780 [egg-schedule]: register schedule F:\project\Shopping\server\node_modules\_egg-logrotator@3.1.0@egg-logrotator\app\schedule\clean_log.js
2020-01-08 19:39:11,611 INFO 9780 [egg-schedule]: register schedule F:\project\Shopping\server\node_modules\_egg-logrotator@3.1.0@egg-logrotator\app\schedule\rotate_by_file.js
2020-01-08 19:39:11,187 INFO 10916 [egg-schedule]: register schedule F:\project\Shopping\server\node_modules\_egg-multipart@2.10.1@egg-multipart\app\schedule\clean_tmpdir.js
2020-01-08 19:39:11,187 INFO 10916 [egg-schedule]: register schedule F:\project\Shopping\server\node_modules\_egg-logrotator@3.1.0@egg-logrotator\app\schedule\clean_log.js
2020-01-08 19:39:11,187 INFO 10916 [egg-schedule]: register schedule F:\project\Shopping\server\node_modules\_egg-logrotator@3.1.0@egg-logrotator\app\schedule\rotate_by_file.js
2020-01-08 19:39:22,421 INFO 2604 [Timer] F:\project\Shopping\server\node_modules\_egg-multipart@2.10.1@egg-multipart\app\schedule\clean_tmpdir.js next time will execute after 31837581ms at 2020-01-09 04:30:00.002
2020-01-08 19:39:22,421 INFO 2604 [Timer] F:\project\Shopping\server\node_modules\_egg-logrotator@3.1.0@egg-logrotator\app\schedule\clean_log.js next time will execute after 15637579ms at 2020-01-09 00:00:00.000
2020-01-08 19:39:22,421 INFO 2604 [Timer] F:\project\Shopping\server\node_modules\_egg-logrotator@3.1.0@egg-logrotator\app\schedule\rotate_by_file.js next time will execute after 15638579ms at 2020-01-09 00:00:01.000
2020-01-08 19:39:23,182 INFO 15380 [egg-schedule]: register schedule F:\project\Shopping\server\node_modules\_egg-multipart@2.10.1@egg-multipart\app\schedule\clean_tmpdir.js
2020-01-08 19:39:23,182 INFO 15380 [egg-schedule]: register schedule F:\project\Shopping\server\node_modules\_egg-logrotator@3.1.0@egg-logrotator\app\schedule\clean_log.js
2020-01-08 19:39:23,182 INFO 15380 [egg-schedule]: register schedule F:\project\Shopping\server\node_modules\_egg-logrotator@3.1.0@egg-logrotator\app\schedule\rotate_by_file.js
2020-01-08 19:39:24,667 INFO 11628 [egg-schedule]: register schedule F:\project\Shopping\server\node_modules\_egg-multipart@2.10.1@egg-multipart\app\schedule\clean_tmpdir.js
2020-01-08 19:39:24,667 INFO 11628 [egg-schedule]: register schedule F:\project\Shopping\server\node_modules\_egg-logrotator@3.1.0@egg-logrotator\app\schedule\clean_log.js
2020-01-08 19:39:24,667 INFO 11628 [egg-schedule]: register schedule F:\project\Shopping\server\node_modules\_egg-logrotator@3.1.0@egg-logrotator\app\schedule\rotate_by_file.js
2020-01-09 08:11:45,251 INFO 2632 [egg-schedule]: register schedule E:\project\shop\server\node_modules\_egg-multipart@2.10.1@egg-multipart\app\schedule\clean_tmpdir.js
2020-01-09 08:11:45,251 INFO 2632 [egg-schedule]: register schedule E:\project\shop\server\node_modules\_egg-logrotator@3.1.0@egg-logrotator\app\schedule\clean_log.js
2020-01-09 08:11:45,251 INFO 2632 [egg-schedule]: register schedule E:\project\shop\server\node_modules\_egg-logrotator@3.1.0@egg-logrotator\app\schedule\rotate_by_file.js
2020-01-09 08:11:51,466 INFO 9400 [Timer] E:\project\shop\server\node_modules\_egg-multipart@2.10.1@egg-multipart\app\schedule\clean_tmpdir.js next time will execute after 73088540ms at 2020-01-10 04:30:00.006
2020-01-09 08:11:51,467 INFO 9400 [Timer] E:\project\shop\server\node_modules\_egg-logrotator@3.1.0@egg-logrotator\app\schedule\clean_log.js next time will execute after 56888534ms at 2020-01-10 00:00:00.001
2020-01-09 08:11:51,468 INFO 9400 [Timer] E:\project\shop\server\node_modules\_egg-logrotator@3.1.0@egg-logrotator\app\schedule\rotate_by_file.js next time will execute after 56889533ms at 2020-01-10 00:00:01.001
2020-01-09 15:24:31,648 INFO 8204 [egg-schedule]: register schedule E:\project\finish\shop\server\node_modules\_egg-multipart@2.10.1@egg-multipart\app\schedule\clean_tmpdir.js
2020-01-09 15:24:31,648 INFO 8204 [egg-schedule]: register schedule E:\project\finish\shop\server\node_modules\_egg-logrotator@3.1.0@egg-logrotator\app\schedule\clean_log.js
2020-01-09 15:24:31,648 INFO 8204 [egg-schedule]: register schedule E:\project\finish\shop\server\node_modules\_egg-logrotator@3.1.0@egg-logrotator\app\schedule\rotate_by_file.js
2020-01-09 15:24:32,607 INFO 6360 [Timer] E:\project\finish\shop\server\node_modules\_egg-multipart@2.10.1@egg-multipart\app\schedule\clean_tmpdir.js next time will execute after 47127395ms at 2020-01-10 04:30:00.002
2020-01-09 15:24:32,608 INFO 6360 [Timer] E:\project\finish\shop\server\node_modules\_egg-logrotator@3.1.0@egg-logrotator\app\schedule\clean_log.js next time will execute after 30927393ms at 2020-01-10 00:00:00.001
2020-01-09 15:24:32,608 INFO 6360 [Timer] E:\project\finish\shop\server\node_modules\_egg-logrotator@3.1.0@egg-logrotator\app\schedule\rotate_by_file.js next time will execute after 30928392ms at 2020-01-10 00:00:01.000
2020-01-09 21:21:09,839 INFO 11496 [egg-schedule]: register schedule F:\project\Shopping\server\node_modules\_egg-multipart@2.10.1@egg-multipart\app\schedule\clean_tmpdir.js
2020-01-09 21:21:09,839 INFO 11496 [egg-schedule]: register schedule F:\project\Shopping\server\node_modules\_egg-logrotator@3.1.0@egg-logrotator\app\schedule\clean_log.js
2020-01-09 21:21:09,839 INFO 11496 [egg-schedule]: register schedule F:\project\Shopping\server\node_modules\_egg-logrotator@3.1.0@egg-logrotator\app\schedule\rotate_by_file.js
2020-01-09 21:21:10,257 INFO 11220 [egg-schedule]: register schedule F:\project\Shopping\server\node_modules\_egg-multipart@2.10.1@egg-multipart\app\schedule\clean_tmpdir.js
2020-01-09 21:21:10,257 INFO 11220 [egg-schedule]: register schedule F:\project\Shopping\server\node_modules\_egg-logrotator@3.1.0@egg-logrotator\app\schedule\clean_log.js
2020-01-09 21:21:10,257 INFO 11220 [egg-schedule]: register schedule F:\project\Shopping\server\node_modules\_egg-logrotator@3.1.0@egg-logrotator\app\schedule\rotate_by_file.js
2020-01-09 21:21:18,898 INFO 6448 [Timer] F:\project\Shopping\server\node_modules\_egg-multipart@2.10.1@egg-multipart\app\schedule\clean_tmpdir.js next time will execute after 25721104ms at 2020-01-10 04:30:00.002
2020-01-09 21:21:18,898 INFO 6448 [Timer] F:\project\Shopping\server\node_modules\_egg-logrotator@3.1.0@egg-logrotator\app\schedule\clean_log.js next time will execute after 9521102ms at 2020-01-10 00:00:00.000
2020-01-09 21:21:18,898 INFO 6448 [Timer] F:\project\Shopping\server\node_modules\_egg-logrotator@3.1.0@egg-logrotator\app\schedule\rotate_by_file.js next time will execute after 9522102ms at 2020-01-10 00:00:01.000
2020-01-09 21:21:19,819 INFO 3660 [egg-schedule]: register schedule F:\project\Shopping\server\node_modules\_egg-multipart@2.10.1@egg-multipart\app\schedule\clean_tmpdir.js
2020-01-09 21:21:19,819 INFO 3660 [egg-schedule]: register schedule F:\project\Shopping\server\node_modules\_egg-logrotator@3.1.0@egg-logrotator\app\schedule\clean_log.js
2020-01-09 21:21:19,819 INFO 3660 [egg-schedule]: register schedule F:\project\Shopping\server\node_modules\_egg-logrotator@3.1.0@egg-logrotator\app\schedule\rotate_by_file.js
2020-01-09 21:21:21,463 INFO 14044 [egg-schedule]: register schedule F:\project\Shopping\server\node_modules\_egg-multipart@2.10.1@egg-multipart\app\schedule\clean_tmpdir.js
2020-01-09 21:21:21,463 INFO 14044 [egg-schedule]: register schedule F:\project\Shopping\server\node_modules\_egg-logrotator@3.1.0@egg-logrotator\app\schedule\clean_log.js
2020-01-09 21:21:21,463 INFO 14044 [egg-schedule]: register schedule F:\project\Shopping\server\node_modules\_egg-logrotator@3.1.0@egg-logrotator\app\schedule\rotate_by_file.js
2020-01-10 08:16:42,800 INFO 9888 [egg-schedule]: register schedule E:\project\finish\shop\server\node_modules\_egg-multipart@2.10.1@egg-multipart\app\schedule\clean_tmpdir.js
2020-01-10 08:16:42,800 INFO 9888 [egg-schedule]: register schedule E:\project\finish\shop\server\node_modules\_egg-logrotator@3.1.0@egg-logrotator\app\schedule\clean_log.js
2020-01-10 08:16:42,800 INFO 9888 [egg-schedule]: register schedule E:\project\finish\shop\server\node_modules\_egg-logrotator@3.1.0@egg-logrotator\app\schedule\rotate_by_file.js
2020-01-10 08:16:49,783 INFO 9112 [Timer] E:\project\finish\shop\server\node_modules\_egg-multipart@2.10.1@egg-multipart\app\schedule\clean_tmpdir.js next time will execute after 72790221ms at 2020-01-11 04:30:00.004
2020-01-10 08:16:49,784 INFO 9112 [Timer] E:\project\finish\shop\server\node_modules\_egg-logrotator@3.1.0@egg-logrotator\app\schedule\clean_log.js next time will execute after 56590216ms at 2020-01-11 00:00:00.000
2020-01-10 08:16:49,786 INFO 9112 [Timer] E:\project\finish\shop\server\node_modules\_egg-logrotator@3.1.0@egg-logrotator\app\schedule\rotate_by_file.js next time will execute after 56591216ms at 2020-01-11 00:00:01.002
2020-01-10 09:22:30,958 INFO 9412 [egg-schedule]: register schedule E:\project\finish\shop\server\node_modules\_egg-multipart@2.10.1@egg-multipart\app\schedule\clean_tmpdir.js
2020-01-10 09:22:30,958 INFO 9412 [egg-schedule]: register schedule E:\project\finish\shop\server\node_modules\_egg-logrotator@3.1.0@egg-logrotator\app\schedule\clean_log.js
2020-01-10 09:22:30,958 INFO 9412 [egg-schedule]: register schedule E:\project\finish\shop\server\node_modules\_egg-logrotator@3.1.0@egg-logrotator\app\schedule\rotate_by_file.js
2020-01-10 09:22:36,084 INFO 10552 [Timer] E:\project\finish\shop\server\node_modules\_egg-multipart@2.10.1@egg-multipart\app\schedule\clean_tmpdir.js next time will execute after 68843920ms at 2020-01-11 04:30:00.004
2020-01-10 09:22:36,085 INFO 10552 [Timer] E:\project\finish\shop\server\node_modules\_egg-logrotator@3.1.0@egg-logrotator\app\schedule\clean_log.js next time will execute after 52643916ms at 2020-01-11 00:00:00.001
2020-01-10 09:22:36,085 INFO 10552 [Timer] E:\project\finish\shop\server\node_modules\_egg-logrotator@3.1.0@egg-logrotator\app\schedule\rotate_by_file.js next time will execute after 52644915ms at 2020-01-11 00:00:01.000
2020-01-10 21:15:54,313 INFO 12064 [egg-schedule]: register schedule F:\project\Shopping\server\node_modules\_egg-multipart@2.10.1@egg-multipart\app\schedule\clean_tmpdir.js
2020-01-10 21:15:54,313 INFO 12064 [egg-schedule]: register schedule F:\project\Shopping\server\node_modules\_egg-logrotator@3.1.0@egg-logrotator\app\schedule\clean_log.js
2020-01-10 21:15:54,313 INFO 12064 [egg-schedule]: register schedule F:\project\Shopping\server\node_modules\_egg-logrotator@3.1.0@egg-logrotator\app\schedule\rotate_by_file.js
2020-01-10 21:15:54,607 INFO 6512 [egg-schedule]: register schedule F:\project\Shopping\server\node_modules\_egg-multipart@2.10.1@egg-multipart\app\schedule\clean_tmpdir.js
2020-01-10 21:15:54,607 INFO 6512 [egg-schedule]: register schedule F:\project\Shopping\server\node_modules\_egg-logrotator@3.1.0@egg-logrotator\app\schedule\clean_log.js
2020-01-10 21:15:54,607 INFO 6512 [egg-schedule]: register schedule F:\project\Shopping\server\node_modules\_egg-logrotator@3.1.0@egg-logrotator\app\schedule\rotate_by_file.js
2020-01-10 21:16:06,216 INFO 3568 [Timer] F:\project\Shopping\server\node_modules\_egg-multipart@2.10.1@egg-multipart\app\schedule\clean_tmpdir.js next time will execute after 26033786ms at 2020-01-11 04:30:00.002
2020-01-10 21:16:06,216 INFO 3568 [Timer] F:\project\Shopping\server\node_modules\_egg-logrotator@3.1.0@egg-logrotator\app\schedule\clean_log.js next time will execute after 9833784ms at 2020-01-11 00:00:00.000
2020-01-10 21:16:06,216 INFO 3568 [Timer] F:\project\Shopping\server\node_modules\_egg-logrotator@3.1.0@egg-logrotator\app\schedule\rotate_by_file.js next time will execute after 9834784ms at 2020-01-11 00:00:01.000
2020-01-10 21:16:07,097 INFO 2868 [egg-schedule]: register schedule F:\project\Shopping\server\node_modules\_egg-multipart@2.10.1@egg-multipart\app\schedule\clean_tmpdir.js
2020-01-10 21:16:07,097 INFO 2868 [egg-schedule]: register schedule F:\project\Shopping\server\node_modules\_egg-logrotator@3.1.0@egg-logrotator\app\schedule\clean_log.js
2020-01-10 21:16:07,097 INFO 2868 [egg-schedule]: register schedule F:\project\Shopping\server\node_modules\_egg-logrotator@3.1.0@egg-logrotator\app\schedule\rotate_by_file.js
2020-01-10 21:16:08,481 INFO 17896 [egg-schedule]: register schedule F:\project\Shopping\server\node_modules\_egg-multipart@2.10.1@egg-multipart\app\schedule\clean_tmpdir.js
2020-01-10 21:16:08,481 INFO 17896 [egg-schedule]: register schedule F:\project\Shopping\server\node_modules\_egg-logrotator@3.1.0@egg-logrotator\app\schedule\clean_log.js
2020-01-10 21:16:08,481 INFO 17896 [egg-schedule]: register schedule F:\project\Shopping\server\node_modules\_egg-logrotator@3.1.0@egg-logrotator\app\schedule\rotate_by_file.js
2020-01-11 08:20:27,417 INFO 4756 [egg-schedule]: register schedule E:\project\finish\shop\server\node_modules\_egg-multipart@2.10.1@egg-multipart\app\schedule\clean_tmpdir.js
2020-01-11 08:20:27,417 INFO 4756 [egg-schedule]: register schedule E:\project\finish\shop\server\node_modules\_egg-logrotator@3.1.0@egg-logrotator\app\schedule\clean_log.js
2020-01-11 08:20:27,417 INFO 4756 [egg-schedule]: register schedule E:\project\finish\shop\server\node_modules\_egg-logrotator@3.1.0@egg-logrotator\app\schedule\rotate_by_file.js
2020-01-11 08:20:31,703 INFO 6416 [Timer] E:\project\finish\shop\server\node_modules\_egg-multipart@2.10.1@egg-multipart\app\schedule\clean_tmpdir.js next time will execute after 72568301ms at 2020-01-12 04:30:00.003
2020-01-11 08:20:31,703 INFO 6416 [Timer] E:\project\finish\shop\server\node_modules\_egg-logrotator@3.1.0@egg-logrotator\app\schedule\clean_log.js next time will execute after 56368297ms at 2020-01-12 00:00:00.000
2020-01-11 08:20:31,704 INFO 6416 [Timer] E:\project\finish\shop\server\node_modules\_egg-logrotator@3.1.0@egg-logrotator\app\schedule\rotate_by_file.js next time will execute after 56369297ms at 2020-01-12 00:00:01.001
2020-01-11 17:19:53,903 INFO 13052 [egg-schedule]: register schedule E:\project\finish\shop\server\node_modules\_egg-multipart@2.10.1@egg-multipart\app\schedule\clean_tmpdir.js
2020-01-11 17:19:53,903 INFO 13052 [egg-schedule]: register schedule E:\project\finish\shop\server\node_modules\_egg-logrotator@3.1.0@egg-logrotator\app\schedule\clean_log.js
2020-01-11 17:19:53,903 INFO 13052 [egg-schedule]: register schedule E:\project\finish\shop\server\node_modules\_egg-logrotator@3.1.0@egg-logrotator\app\schedule\rotate_by_file.js
2020-01-11 17:19:58,166 INFO 13196 [Timer] E:\project\finish\shop\server\node_modules\_egg-multipart@2.10.1@egg-multipart\app\schedule\clean_tmpdir.js next time will execute after 40201837ms at 2020-01-12 04:30:00.003
2020-01-11 17:19:58,167 INFO 13196 [Timer] E:\project\finish\shop\server\node_modules\_egg-logrotator@3.1.0@egg-logrotator\app\schedule\clean_log.js next time will execute after 24001833ms at 2020-01-12 00:00:00.000
2020-01-11 17:19:58,167 INFO 13196 [Timer] E:\project\finish\shop\server\node_modules\_egg-logrotator@3.1.0@egg-logrotator\app\schedule\rotate_by_file.js next time will execute after 24002833ms at 2020-01-12 00:00:01.000
2020-01-13 10:39:15,516 INFO 9232 [egg-schedule]: register schedule E:\project\finish\shop\server\node_modules\_egg-multipart@2.10.1@egg-multipart\app\schedule\clean_tmpdir.js
2020-01-13 10:39:15,516 INFO 9232 [egg-schedule]: register schedule E:\project\finish\shop\server\node_modules\_egg-logrotator@3.1.0@egg-logrotator\app\schedule\clean_log.js
2020-01-13 10:39:15,516 INFO 9232 [egg-schedule]: register schedule E:\project\finish\shop\server\node_modules\_egg-logrotator@3.1.0@egg-logrotator\app\schedule\rotate_by_file.js
2020-01-13 10:39:19,370 INFO 10052 [Timer] E:\project\finish\shop\server\node_modules\_egg-multipart@2.10.1@egg-multipart\app\schedule\clean_tmpdir.js next time will execute after 64240634ms at 2020-01-14 04:30:00.004
2020-01-13 10:39:19,371 INFO 10052 [Timer] E:\project\finish\shop\server\node_modules\_egg-logrotator@3.1.0@egg-logrotator\app\schedule\clean_log.js next time will execute after 48040629ms at 2020-01-14 00:00:00.000
2020-01-13 10:39:19,372 INFO 10052 [Timer] E:\project\finish\shop\server\node_modules\_egg-logrotator@3.1.0@egg-logrotator\app\schedule\rotate_by_file.js next time will execute after 48041629ms at 2020-01-14 00:00:01.001
2020-01-13 10:46:26,146 INFO 6604 [egg-schedule]: register schedule E:\project\finish\shop\server\node_modules\_egg-multipart@2.10.1@egg-multipart\app\schedule\clean_tmpdir.js
2020-01-13 10:46:26,146 INFO 6604 [egg-schedule]: register schedule E:\project\finish\shop\server\node_modules\_egg-logrotator@3.1.0@egg-logrotator\app\schedule\clean_log.js
2020-01-13 10:46:26,146 INFO 6604 [egg-schedule]: register schedule E:\project\finish\shop\server\node_modules\_egg-logrotator@3.1.0@egg-logrotator\app\schedule\rotate_by_file.js
2020-01-13 10:46:29,982 INFO 1796 [Timer] E:\project\finish\shop\server\node_modules\_egg-multipart@2.10.1@egg-multipart\app\schedule\clean_tmpdir.js next time will execute after 63810022ms at 2020-01-14 04:30:00.004
2020-01-13 10:46:29,983 INFO 1796 [Timer] E:\project\finish\shop\server\node_modules\_egg-logrotator@3.1.0@egg-logrotator\app\schedule\clean_log.js next time will execute after 47610018ms at 2020-01-14 00:00:00.000
2020-01-13 10:46:29,983 INFO 1796 [Timer] E:\project\finish\shop\server\node_modules\_egg-logrotator@3.1.0@egg-logrotator\app\schedule\rotate_by_file.js next time will execute after 47611017ms at 2020-01-14 00:00:01.000
2020-01-13 21:25:23,529 INFO 6840 [egg-schedule]: register schedule F:\project\Shopping\server\node_modules\_egg-multipart@2.10.1@egg-multipart\app\schedule\clean_tmpdir.js
2020-01-13 21:25:23,529 INFO 6840 [egg-schedule]: register schedule F:\project\Shopping\server\node_modules\_egg-logrotator@3.1.0@egg-logrotator\app\schedule\clean_log.js
2020-01-13 21:25:23,529 INFO 6840 [egg-schedule]: register schedule F:\project\Shopping\server\node_modules\_egg-logrotator@3.1.0@egg-logrotator\app\schedule\rotate_by_file.js
2020-01-13 21:25:23,649 INFO 2460 [egg-schedule]: register schedule F:\project\Shopping\server\node_modules\_egg-multipart@2.10.1@egg-multipart\app\schedule\clean_tmpdir.js
2020-01-13 21:25:23,649 INFO 2460 [egg-schedule]: register schedule F:\project\Shopping\server\node_modules\_egg-logrotator@3.1.0@egg-logrotator\app\schedule\clean_log.js
2020-01-13 21:25:23,649 INFO 2460 [egg-schedule]: register schedule F:\project\Shopping\server\node_modules\_egg-logrotator@3.1.0@egg-logrotator\app\schedule\rotate_by_file.js
2020-01-13 21:25:35,675 INFO 3304 [Timer] F:\project\Shopping\server\node_modules\_egg-multipart@2.10.1@egg-multipart\app\schedule\clean_tmpdir.js next time will execute after 25464327ms at 2020-01-14 04:30:00.002
2020-01-13 21:25:35,675 INFO 3304 [Timer] F:\project\Shopping\server\node_modules\_egg-logrotator@3.1.0@egg-logrotator\app\schedule\clean_log.js next time will execute after 9264325ms at 2020-01-14 00:00:00.000
2020-01-13 21:25:35,676 INFO 3304 [Timer] F:\project\Shopping\server\node_modules\_egg-logrotator@3.1.0@egg-logrotator\app\schedule\rotate_by_file.js next time will execute after 9265325ms at 2020-01-14 00:00:01.000
2020-01-13 21:25:36,381 INFO 11856 [egg-schedule]: register schedule F:\project\Shopping\server\node_modules\_egg-multipart@2.10.1@egg-multipart\app\schedule\clean_tmpdir.js
2020-01-13 21:25:36,381 INFO 11856 [egg-schedule]: register schedule F:\project\Shopping\server\node_modules\_egg-logrotator@3.1.0@egg-logrotator\app\schedule\clean_log.js
2020-01-13 21:25:36,381 INFO 11856 [egg-schedule]: register schedule F:\project\Shopping\server\node_modules\_egg-logrotator@3.1.0@egg-logrotator\app\schedule\rotate_by_file.js
2020-01-13 21:25:37,652 INFO 8652 [egg-schedule]: register schedule F:\project\Shopping\server\node_modules\_egg-multipart@2.10.1@egg-multipart\app\schedule\clean_tmpdir.js
2020-01-13 21:25:37,652 INFO 8652 [egg-schedule]: register schedule F:\project\Shopping\server\node_modules\_egg-logrotator@3.1.0@egg-logrotator\app\schedule\clean_log.js
2020-01-13 21:25:37,652 INFO 8652 [egg-schedule]: register schedule F:\project\Shopping\server\node_modules\_egg-logrotator@3.1.0@egg-logrotator\app\schedule\rotate_by_file.js
2020-02-01 16:02:47,236 INFO 7244 [egg-schedule]: register schedule F:\project\Shopping\server\node_modules\_egg-multipart@2.10.1@egg-multipart\app\schedule\clean_tmpdir.js
2020-02-01 16:02:47,236 INFO 7244 [egg-schedule]: register schedule F:\project\Shopping\server\node_modules\_egg-logrotator@3.1.0@egg-logrotator\app\schedule\clean_log.js
2020-02-01 16:02:47,236 INFO 7244 [egg-schedule]: register schedule F:\project\Shopping\server\node_modules\_egg-logrotator@3.1.0@egg-logrotator\app\schedule\rotate_by_file.js
2020-02-01 16:02:56,497 INFO 7104 [Timer] F:\project\Shopping\server\node_modules\_egg-multipart@2.10.1@egg-multipart\app\schedule\clean_tmpdir.js next time will execute after 44823506ms at 2020-02-02 04:30:00.003
2020-02-01 16:02:56,497 INFO 7104 [Timer] F:\project\Shopping\server\node_modules\_egg-logrotator@3.1.0@egg-logrotator\app\schedule\clean_log.js next time will execute after 28623503ms at 2020-02-02 00:00:00.000
2020-02-01 16:02:56,498 INFO 7104 [Timer] F:\project\Shopping\server\node_modules\_egg-logrotator@3.1.0@egg-logrotator\app\schedule\rotate_by_file.js next time will execute after 28624503ms at 2020-02-02 00:00:01.001
2020-06-08 13:29:06,174 INFO 8628 [egg-schedule]: register schedule C:\Users\Administrator\Desktop\Shopping\server\node_modules\_egg-multipart@2.10.3@egg-multipart\app\schedule\clean_tmpdir.js
2020-06-08 13:29:06,174 INFO 8628 [egg-schedule]: register schedule C:\Users\Administrator\Desktop\Shopping\server\node_modules\_egg-logrotator@3.1.0@egg-logrotator\app\schedule\clean_log.js
2020-06-08 13:29:06,174 INFO 8628 [egg-schedule]: register schedule C:\Users\Administrator\Desktop\Shopping\server\node_modules\_egg-logrotator@3.1.0@egg-logrotator\app\schedule\rotate_by_file.js
2020-06-08 13:29:06,813 INFO 7316 [Timer] C:\Users\Administrator\Desktop\Shopping\server\node_modules\_egg-multipart@2.10.3@egg-multipart\app\schedule\clean_tmpdir.js next time will execute after 54053189ms at 2020-06-09 04:30:00.002
2020-06-08 13:29:06,813 INFO 7316 [Timer] C:\Users\Administrator\Desktop\Shopping\server\node_modules\_egg-logrotator@3.1.0@egg-logrotator\app\schedule\clean_log.js next time will execute after 37853187ms at 2020-06-09 00:00:00.000
2020-06-08 13:29:06,813 INFO 7316 [Timer] C:\Users\Administrator\Desktop\Shopping\server\node_modules\_egg-logrotator@3.1.0@egg-logrotator\app\schedule\rotate_by_file.js next time will execute after 37854187ms at 2020-06-09 00:00:01.000
2020-06-08 16:21:50,730 INFO 10468 [egg-schedule]: register schedule C:\Users\Administrator\Desktop\Shopping\server\node_modules\_egg-multipart@2.10.3@egg-multipart\app\schedule\clean_tmpdir.js
2020-06-08 16:21:50,730 INFO 10468 [egg-schedule]: register schedule C:\Users\Administrator\Desktop\Shopping\server\node_modules\_egg-logrotator@3.1.0@egg-logrotator\app\schedule\clean_log.js
2020-06-08 16:21:50,730 INFO 10468 [egg-schedule]: register schedule C:\Users\Administrator\Desktop\Shopping\server\node_modules\_egg-logrotator@3.1.0@egg-logrotator\app\schedule\rotate_by_file.js
2020-06-08 16:22:01,384 INFO 10776 [Timer] C:\Users\Administrator\Desktop\Shopping\server\node_modules\_egg-multipart@2.10.3@egg-multipart\app\schedule\clean_tmpdir.js next time will execute after 43678618ms at 2020-06-09 04:30:00.002
2020-06-08 16:22:01,384 INFO 10776 [Timer] C:\Users\Administrator\Desktop\Shopping\server\node_modules\_egg-logrotator@3.1.0@egg-logrotator\app\schedule\clean_log.js next time will execute after 27478616ms at 2020-06-09 00:00:00.000
2020-06-08 16:22:01,384 INFO 10776 [Timer] C:\Users\Administrator\Desktop\Shopping\server\node_modules\_egg-logrotator@3.1.0@egg-logrotator\app\schedule\rotate_by_file.js next time will execute after 27479616ms at 2020-06-09 00:00:01.000
2020-06-08 16:22:00,764 INFO 9212 [egg-schedule]: register schedule C:\Users\Administrator\Desktop\Shopping\server\node_modules\_egg-multipart@2.10.3@egg-multipart\app\schedule\clean_tmpdir.js
2020-06-08 16:22:00,764 INFO 9212 [egg-schedule]: register schedule C:\Users\Administrator\Desktop\Shopping\server\node_modules\_egg-logrotator@3.1.0@egg-logrotator\app\schedule\clean_log.js
2020-06-08 16:22:00,764 INFO 9212 [egg-schedule]: register schedule C:\Users\Administrator\Desktop\Shopping\server\node_modules\_egg-logrotator@3.1.0@egg-logrotator\app\schedule\rotate_by_file.js
2020-06-17 17:04:01,710 INFO 7592 [Timer] C:\Users\Administrator\Desktop\Shopping\项目资料\server\node_modules\_egg-multipart@2.10.3@egg-multipart\app\schedule\clean_tmpdir.js next time will execute after 41158292ms at 2020-06-18 04:30:00.002
2020-06-17 17:04:01,711 INFO 7592 [Timer] C:\Users\Administrator\Desktop\Shopping\项目资料\server\node_modules\_egg-logrotator@3.1.0@egg-logrotator\app\schedule\clean_log.js next time will execute after 24958289ms at 2020-06-18 00:00:00.000
2020-06-17 17:04:01,711 INFO 7592 [Timer] C:\Users\Administrator\Desktop\Shopping\项目资料\server\node_modules\_egg-logrotator@3.1.0@egg-logrotator\app\schedule\rotate_by_file.js next time will execute after 24959289ms at 2020-06-18 00:00:01.000
2020-06-17 17:04:00,957 INFO 10840 [egg-schedule]: register schedule C:\Users\Administrator\Desktop\Shopping\项目资料\server\node_modules\_egg-multipart@2.10.3@egg-multipart\app\schedule\clean_tmpdir.js
2020-06-17 17:04:00,957 INFO 10840 [egg-schedule]: register schedule C:\Users\Administrator\Desktop\Shopping\项目资料\server\node_modules\_egg-logrotator@3.1.0@egg-logrotator\app\schedule\clean_log.js
2020-06-17 17:04:00,957 INFO 10840 [egg-schedule]: register schedule C:\Users\Administrator\Desktop\Shopping\项目资料\server\node_modules\_egg-logrotator@3.1.0@egg-logrotator\app\schedule\rotate_by_file.js
2021-07-09 19:58:26,335 INFO 9272 [egg-schedule]: register schedule D:\代码存放\课得在线\vueProject_1\h5-shopping\server\node_modules\egg-multipart\app\schedule\clean_tmpdir.js
2021-07-09 19:58:26,335 INFO 9272 [egg-schedule]: register schedule D:\代码存放\课得在线\vueProject_1\h5-shopping\server\node_modules\egg-logrotator\app\schedule\clean_log.js
2021-07-09 19:58:26,335 INFO 9272 [egg-schedule]: register schedule D:\代码存放\课得在线\vueProject_1\h5-shopping\server\node_modules\egg-logrotator\app\schedule\rotate_by_file.js
2021-07-09 19:58:27,075 INFO 4276 [Timer] D:\代码存放\课得在线\vueProject_1\h5-shopping\server\node_modules\egg-multipart\app\schedule\clean_tmpdir.js next time will execute after 30692929ms at 2021-07-10 04:30:00.004
2021-07-09 19:58:27,076 INFO 4276 [Timer] D:\代码存放\课得在线\vueProject_1\h5-shopping\server\node_modules\egg-logrotator\app\schedule\clean_log.js next time will execute after 14492924ms at 2021-07-10 00:00:00.000
2021-07-09 19:58:27,077 INFO 4276 [Timer] D:\代码存放\课得在线\vueProject_1\h5-shopping\server\node_modules\egg-logrotator\app\schedule\rotate_by_file.js next time will execute after 14493924ms at 2021-07-10 00:00:01.001
2021-07-12 08:54:16,195 INFO 9568 [egg-schedule]: register schedule D:\代码存放\课得在线\vueProject_1\h5-shopping\server\node_modules\egg-multipart\app\schedule\clean_tmpdir.js
2021-07-12 08:54:16,195 INFO 9568 [egg-schedule]: register schedule D:\代码存放\课得在线\vueProject_1\h5-shopping\server\node_modules\egg-logrotator\app\schedule\clean_log.js
2021-07-12 08:54:16,195 INFO 9568 [egg-schedule]: register schedule D:\代码存放\课得在线\vueProject_1\h5-shopping\server\node_modules\egg-logrotator\app\schedule\rotate_by_file.js
2021-07-12 08:54:17,024 INFO 428 [Timer] D:\代码存放\课得在线\vueProject_1\h5-shopping\server\node_modules\egg-multipart\app\schedule\clean_tmpdir.js next time will execute after 70542978ms at 2021-07-13 04:30:00.002
2021-07-12 08:54:17,025 INFO 428 [Timer] D:\代码存放\课得在线\vueProject_1\h5-shopping\server\node_modules\egg-logrotator\app\schedule\clean_log.js next time will execute after 54342975ms at 2021-07-13 00:00:00.000
2021-07-12 08:54:17,025 INFO 428 [Timer] D:\代码存放\课得在线\vueProject_1\h5-shopping\server\node_modules\egg-logrotator\app\schedule\rotate_by_file.js next time will execute after 54343975ms at 2021-07-13 00:00:01.000
2021-07-12 15:57:13,560 INFO 14060 [egg-schedule]: register schedule D:\代码存放\课得在线\vueProject_1\h5-shopping\server\node_modules\egg-multipart\app\schedule\clean_tmpdir.js
2021-07-12 15:57:13,560 INFO 14060 [egg-schedule]: register schedule D:\代码存放\课得在线\vueProject_1\h5-shopping\server\node_modules\egg-logrotator\app\schedule\clean_log.js
2021-07-12 15:57:13,560 INFO 14060 [egg-schedule]: register schedule D:\代码存放\课得在线\vueProject_1\h5-shopping\server\node_modules\egg-logrotator\app\schedule\rotate_by_file.js
2021-07-12 15:57:13,998 INFO 12808 [Timer] D:\代码存放\课得在线\vueProject_1\h5-shopping\server\node_modules\egg-multipart\app\schedule\clean_tmpdir.js next time will execute after 45166003ms at 2021-07-13 04:30:00.001
2021-07-12 15:57:13,999 INFO 12808 [Timer] D:\代码存放\课得在线\vueProject_1\h5-shopping\server\node_modules\egg-logrotator\app\schedule\clean_log.js next time will execute after 28966002ms at 2021-07-13 00:00:00.001
2021-07-12 15:57:13,999 INFO 12808 [Timer] D:\代码存放\课得在线\vueProject_1\h5-shopping\server\node_modules\egg-logrotator\app\schedule\rotate_by_file.js next time will execute after 28967001ms at 2021-07-13 00:00:01.000
2021-07-12 15:59:55,689 INFO 16972 [egg-schedule]: register schedule D:\代码存放\课得在线\vueProject_1\h5-shopping\server\node_modules\egg-multipart\app\schedule\clean_tmpdir.js
2021-07-12 15:59:55,689 INFO 16972 [egg-schedule]: register schedule D:\代码存放\课得在线\vueProject_1\h5-shopping\server\node_modules\egg-logrotator\app\schedule\clean_log.js
2021-07-12 15:59:55,689 INFO 16972 [egg-schedule]: register schedule D:\代码存放\课得在线\vueProject_1\h5-shopping\server\node_modules\egg-logrotator\app\schedule\rotate_by_file.js
2021-07-12 15:59:56,117 INFO 21168 [Timer] D:\代码存放\课得在线\vueProject_1\h5-shopping\server\node_modules\egg-multipart\app\schedule\clean_tmpdir.js next time will execute after 45003887ms at 2021-07-13 04:30:00.003
2021-07-12 15:59:56,117 INFO 21168 [Timer] D:\代码存放\课得在线\vueProject_1\h5-shopping\server\node_modules\egg-logrotator\app\schedule\clean_log.js next time will execute after 28803883ms at 2021-07-13 00:00:00.000
2021-07-12 15:59:56,118 INFO 21168 [Timer] D:\代码存放\课得在线\vueProject_1\h5-shopping\server\node_modules\egg-logrotator\app\schedule\rotate_by_file.js next time will execute after 28804883ms at 2021-07-13 00:00:01.001
2021-07-13 08:13:56,300 INFO 14472 [egg-schedule]: register schedule D:\代码存放\课得在线\vueProject_1\h5-shopping\server\node_modules\egg-multipart\app\schedule\clean_tmpdir.js
2021-07-13 08:13:56,300 INFO 14472 [egg-schedule]: register schedule D:\代码存放\课得在线\vueProject_1\h5-shopping\server\node_modules\egg-logrotator\app\schedule\clean_log.js
2021-07-13 08:13:56,300 INFO 14472 [egg-schedule]: register schedule D:\代码存放\课得在线\vueProject_1\h5-shopping\server\node_modules\egg-logrotator\app\schedule\rotate_by_file.js
2021-07-13 08:13:56,894 INFO 14708 [Timer] D:\代码存放\课得在线\vueProject_1\h5-shopping\server\node_modules\egg-multipart\app\schedule\clean_tmpdir.js next time will execute after 72963109ms at 2021-07-14 04:30:00.003
2021-07-13 08:13:56,895 INFO 14708 [Timer] D:\代码存放\课得在线\vueProject_1\h5-shopping\server\node_modules\egg-logrotator\app\schedule\clean_log.js next time will execute after 56763106ms at 2021-07-14 00:00:00.001
2021-07-13 08:13:56,895 INFO 14708 [Timer] D:\代码存放\课得在线\vueProject_1\h5-shopping\server\node_modules\egg-logrotator\app\schedule\rotate_by_file.js next time will execute after 56764105ms at 2021-07-14 00:00:01.000
2021-07-14 08:34:33,399 INFO 16268 [egg-schedule]: register schedule D:\代码存放\课得在线\vueProject_1\h5-shopping\server\node_modules\egg-multipart\app\schedule\clean_tmpdir.js
2021-07-14 08:34:33,399 INFO 16268 [egg-schedule]: register schedule D:\代码存放\课得在线\vueProject_1\h5-shopping\server\node_modules\egg-logrotator\app\schedule\clean_log.js
2021-07-14 08:34:33,399 INFO 16268 [egg-schedule]: register schedule D:\代码存放\课得在线\vueProject_1\h5-shopping\server\node_modules\egg-logrotator\app\schedule\rotate_by_file.js
2021-07-14 08:34:34,093 INFO 18744 [Timer] D:\代码存放\课得在线\vueProject_1\h5-shopping\server\node_modules\egg-multipart\app\schedule\clean_tmpdir.js next time will execute after 71725909ms at 2021-07-15 04:30:00.002
2021-07-14 08:34:34,093 INFO 18744 [Timer] D:\代码存放\课得在线\vueProject_1\h5-shopping\server\node_modules\egg-logrotator\app\schedule\clean_log.js next time will execute after 55525907ms at 2021-07-15 00:00:00.000
2021-07-14 08:34:34,093 INFO 18744 [Timer] D:\代码存放\课得在线\vueProject_1\h5-shopping\server\node_modules\egg-logrotator\app\schedule\rotate_by_file.js next time will execute after 55526907ms at 2021-07-15 00:00:01.000
2021-07-14 14:08:20,084 INFO 17140 [egg-schedule]: register schedule D:\代码存放\课得在线\vueProject_1\h5-shopping\server\node_modules\egg-multipart\app\schedule\clean_tmpdir.js
2021-07-14 14:08:20,084 INFO 17140 [egg-schedule]: register schedule D:\代码存放\课得在线\vueProject_1\h5-shopping\server\node_modules\egg-logrotator\app\schedule\clean_log.js
2021-07-14 14:08:20,084 INFO 17140 [egg-schedule]: register schedule D:\代码存放\课得在线\vueProject_1\h5-shopping\server\node_modules\egg-logrotator\app\schedule\rotate_by_file.js
2021-07-14 14:08:20,560 INFO 19500 [Timer] D:\代码存放\课得在线\vueProject_1\h5-shopping\server\node_modules\egg-multipart\app\schedule\clean_tmpdir.js next time will execute after 51699442ms at 2021-07-15 04:30:00.002
2021-07-14 14:08:20,561 INFO 19500 [Timer] D:\代码存放\课得在线\vueProject_1\h5-shopping\server\node_modules\egg-logrotator\app\schedule\clean_log.js next time will execute after 35499439ms at 2021-07-15 00:00:00.000
2021-07-14 14:08:20,562 INFO 19500 [Timer] D:\代码存放\课得在线\vueProject_1\h5-shopping\server\node_modules\egg-logrotator\app\schedule\rotate_by_file.js next time will execute after 35500439ms at 2021-07-15 00:00:01.001
2021-07-14 14:30:18,889 INFO 17680 [egg-schedule]: register schedule D:\代码存放\课得在线\vueProject_1\h5-shopping\server\node_modules\egg-multipart\app\schedule\clean_tmpdir.js
2021-07-14 14:30:18,889 INFO 17680 [egg-schedule]: register schedule D:\代码存放\课得在线\vueProject_1\h5-shopping\server\node_modules\egg-logrotator\app\schedule\clean_log.js
2021-07-14 14:30:18,889 INFO 17680 [egg-schedule]: register schedule D:\代码存放\课得在线\vueProject_1\h5-shopping\server\node_modules\egg-logrotator\app\schedule\rotate_by_file.js
2021-07-14 14:30:19,305 INFO 9092 [Timer] D:\代码存放\课得在线\vueProject_1\h5-shopping\server\node_modules\egg-multipart\app\schedule\clean_tmpdir.js next time will execute after 50380696ms at 2021-07-15 04:30:00.001
2021-07-14 14:30:19,306 INFO 9092 [Timer] D:\代码存放\课得在线\vueProject_1\h5-shopping\server\node_modules\egg-logrotator\app\schedule\clean_log.js next time will execute after 34180694ms at 2021-07-15 00:00:00.000
2021-07-14 14:30:19,306 INFO 9092 [Timer] D:\代码存放\课得在线\vueProject_1\h5-shopping\server\node_modules\egg-logrotator\app\schedule\rotate_by_file.js next time will execute after 34181694ms at 2021-07-15 00:00:01.000
2021-07-14 14:32:57,849 INFO 18668 [egg-schedule]: register schedule D:\代码存放\课得在线\vueProject_1\h5-shopping\server\node_modules\egg-multipart\app\schedule\clean_tmpdir.js
2021-07-14 14:32:57,849 INFO 18668 [egg-schedule]: register schedule D:\代码存放\课得在线\vueProject_1\h5-shopping\server\node_modules\egg-logrotator\app\schedule\clean_log.js
2021-07-14 14:32:57,849 INFO 18668 [egg-schedule]: register schedule D:\代码存放\课得在线\vueProject_1\h5-shopping\server\node_modules\egg-logrotator\app\schedule\rotate_by_file.js
2021-07-14 14:32:58,236 INFO 10940 [Timer] D:\代码存放\课得在线\vueProject_1\h5-shopping\server\node_modules\egg-multipart\app\schedule\clean_tmpdir.js next time will execute after 50221765ms at 2021-07-15 04:30:00.001
2021-07-14 14:32:58,237 INFO 10940 [Timer] D:\代码存放\课得在线\vueProject_1\h5-shopping\server\node_modules\egg-logrotator\app\schedule\clean_log.js next time will execute after 34021764ms at 2021-07-15 00:00:00.000
2021-07-14 14:32:58,237 INFO 10940 [Timer] D:\代码存放\课得在线\vueProject_1\h5-shopping\server\node_modules\egg-logrotator\app\schedule\rotate_by_file.js next time will execute after 34022763ms at 2021-07-15 00:00:01.000
